[04:16:11] WARNING  Feeds generated without SITEURL set properly settings.py:679
                    may not be valid
  --- AutoReload Mode: Monitoring `content`, `theme` and `settings` for changes.
---
           WARNING  Cannot get modification stamp for               cache.py:125
                    /app/content/images/StaticSensorExample.jpg
                            [Errno 2] No such file or directory:
                    '/app/content/images/StaticSensorExample.jpg'
           WARNING  Cannot get modification stamp for               cache.py:125
                    /app/content/images/MobileStaticHybridSearch.jp
                    g
                            [Errno 2] No such file or directory:
                    '/app/content/images/MobileStaticHybridSearch.j
                    pg'
           WARNING  Docutils has no localization for 'jp'. Using  readers.py:205
                    'en' instead.
Done: Processed 0 articles, 0 drafts, 0 hidden articles, 7 pages, 0 hidden pages
and 0 draft pages in 0.12 seconds.
Done: Processed 0 articles, 0 drafts, 0 hidden articles, 7 pages, 0 hidden pages
and 0 draft pages in 0.36 seconds.
           WARNING  Unable to watch path '/app/content/images' as   utils.py:855
                    it does not exist.
